TN:
SF:src/UniswapV2ERC20.sol
DA:21,32
FN:21,UniswapV2ERC20.constructor
FNDA:32,UniswapV2ERC20.constructor
DA:23,32
DA:25,32
DA:38,0
FN:38,UniswapV2ERC20.totalSupply
FNDA:0,UniswapV2ERC20.totalSupply
DA:39,39
DA:42,16
FN:42,UniswapV2ERC20.balanceOf
FNDA:16,UniswapV2ERC20.balanceOf
DA:43,21
DA:46,63
FN:46,UniswapV2ERC20._mint
FNDA:63,UniswapV2ERC20._mint
DA:48,63
DA:49,63
DA:50,63
DA:53,5
FN:53,UniswapV2ERC20._burn
FNDA:5,UniswapV2ERC20._burn
DA:54,5
DA:55,5
DA:56,5
DA:59,4
FN:59,UniswapV2ERC20._approve
FNDA:4,UniswapV2ERC20._approve
DA:60,4
DA:61,4
DA:64,5
FN:64,UniswapV2ERC20._transfer
FNDA:5,UniswapV2ERC20._transfer
DA:65,5
DA:66,5
DA:67,5
DA:70,3
FN:70,UniswapV2ERC20.approve
FNDA:3,UniswapV2ERC20.approve
DA:71,3
DA:72,3
DA:75,1
FN:75,UniswapV2ERC20.transfer
FNDA:1,UniswapV2ERC20.transfer
DA:76,1
DA:77,1
DA:80,4
FN:80,UniswapV2ERC20.transferFrom
FNDA:4,UniswapV2ERC20.transferFrom
DA:85,4
BRDA:85,0,0,3
DA:86,3
DA:88,4
DA:89,4
DA:92,1
FN:92,UniswapV2ERC20.permit
FNDA:1,UniswapV2ERC20.permit
DA:101,1
BRDA:101,1,0,-
BRDA:101,1,1,1
DA:102,1
DA:119,1
DA:120,1
BRDA:120,2,0,-
BRDA:120,2,1,1
DA:124,1
FNF:11
FNH:10
LF:39
LH:38
BRF:5
BRH:3
end_of_record
TN:
SF:src/UniswapV2Factory.sol
DA:14,35
FN:14,UniswapV2Factory.constructor
FNDA:35,UniswapV2Factory.constructor
DA:15,35
DA:18,1
FN:18,UniswapV2Factory.allPairsLength
FNDA:1,UniswapV2Factory.allPairsLength
DA:19,1
DA:22,34
FN:22,UniswapV2Factory.createPair
FNDA:34,UniswapV2Factory.createPair
DA:23,34
BRDA:23,0,0,1
BRDA:23,0,1,33
DA:24,33
DA:25,33
BRDA:25,1,0,1
BRDA:25,1,1,32
DA:26,32
BRDA:26,2,0,-
BRDA:26,2,1,32
DA:29,32
DA:32,32
DA:40,32
DA:44,32
DA:48,32
DA:49,32
DA:50,32
DA:51,32
DA:54,3
FN:54,UniswapV2Factory.setFeeTo
FNDA:3,UniswapV2Factory.setFeeTo
DA:55,3
BRDA:55,3,0,1
BRDA:55,3,1,2
DA:56,2
DA:59,4
FN:59,UniswapV2Factory.setFeeToSetter
FNDA:4,UniswapV2Factory.setFeeToSetter
DA:60,4
BRDA:60,4,0,2
BRDA:60,4,1,2
DA:61,2
FNF:5
FNH:5
LF:23
LH:23
BRF:10
BRH:9
end_of_record
TN:
SF:src/UniswapV2Pair.sol
DA:31,14
FN:31,UniswapV2Pair.lock
FNDA:14,UniswapV2Pair.lock
DA:32,14
BRDA:32,0,0,-
BRDA:32,0,1,3
DA:33,14
DA:35,13
DA:40,63
FN:40,UniswapV2Pair.getReserves
FNDA:63,UniswapV2Pair.getReserves
DA:41,115
DA:42,115
DA:43,115
DA:48,26
FN:48,UniswapV2Pair._safeTransfer
FNDA:26,UniswapV2Pair._safeTransfer
DA:49,26
DA:50,26
BRDA:50,1,0,-
BRDA:50,1,1,26
DA:53,32
FN:53,UniswapV2Pair.constructor
FNDA:32,UniswapV2Pair.constructor
DA:54,32
DA:58,32
FN:58,UniswapV2Pair.initialize
FNDA:32,UniswapV2Pair.initialize
DA:59,32
BRDA:59,2,0,-
BRDA:59,2,1,32
DA:60,32
DA:61,32
DA:65,54
FN:65,UniswapV2Pair._update
FNDA:54,UniswapV2Pair._update
DA:66,54
BRDA:66,3,0,-
BRDA:66,3,1,54
DA:67,54
DA:68,54
DA:69,54
BRDA:69,4,0,3
DA:71,3
DA:72,3
DA:74,54
DA:75,54
DA:76,54
DA:77,54
DA:81,38
FN:81,UniswapV2Pair._mintFee
FNDA:38,UniswapV2Pair._mintFee
DA:82,38
DA:83,38
DA:85,38
DA:86,2
BRDA:86,5,0,2
BRDA:86,5,1,36
DA:87,2
BRDA:87,6,0,1
DA:88,1
DA:89,1
DA:90,1
BRDA:90,7,0,1
DA:92,1
DA:94,1
DA:96,1
DA:97,1
BRDA:97,8,0,1
DA:100,36
BRDA:100,9,0,-
DA:101,0
DA:107,33
FN:107,UniswapV2Pair.mint
FNDA:33,UniswapV2Pair.mint
DA:109,33
DA:111,33
DA:112,33
DA:114,33
DA:115,33
DA:117,33
DA:119,33
DA:120,33
BRDA:120,10,0,29
BRDA:120,10,1,4
DA:122,29
DA:123,29
DA:125,4
DA:127,33
BRDA:127,11,0,-
BRDA:127,11,1,33
DA:129,33
DA:131,33
DA:132,2
BRDA:132,12,0,2
DA:133,33
DA:137,5
FN:137,UniswapV2Pair.burn
FNDA:5,UniswapV2Pair.burn
DA:138,5
DA:139,5
DA:140,5
DA:141,5
DA:142,5
DA:144,5
DA:146,5
DA:147,5
DA:148,5
DA:149,5
DA:150,5
BRDA:150,13,0,-
BRDA:150,13,1,5
DA:151,5
DA:152,5
DA:153,5
DA:154,5
DA:155,5
DA:157,5
DA:158,0
BRDA:158,14,0,-
DA:159,5
DA:163,14
FN:163,UniswapV2Pair.swap
FNDA:14,UniswapV2Pair.swap
DA:165,14
BRDA:165,15,0,-
BRDA:165,15,1,14
DA:166,14
DA:168,14
BRDA:168,16,0,-
BRDA:168,16,1,14
DA:170,14
DA:171,14
DA:174,14
DA:175,14
DA:176,14
BRDA:176,17,0,-
BRDA:176,17,1,14
DA:177,14
BRDA:177,18,0,4
DA:178,14
BRDA:178,19,0,10
DA:179,14
BRDA:179,20,0,-
DA:180,14
DA:181,14
DA:183,14
DA:184,14
DA:185,14
BRDA:185,21,0,-
BRDA:185,21,1,14
DA:188,14
DA:189,14
DA:190,14
BRDA:190,22,0,1
BRDA:190,22,1,13
DA:198,13
DA:199,13
DA:203,1
FN:203,UniswapV2Pair.skim
FNDA:1,UniswapV2Pair.skim
DA:204,1
DA:205,1
DA:206,1
DA:207,1
DA:211,3
FN:211,UniswapV2Pair.sync
FNDA:3,UniswapV2Pair.sync
DA:212,3
FNF:12
FNH:12
LF:109
LH:107
BRF:36
BRH:23
end_of_record
TN:
SF:src/UniswapV2Router.sol
DA:19,1
FN:19,UniswapV2Router02.ensure
FNDA:1,UniswapV2Router02.ensure
DA:20,1
BRDA:20,0,0,-
BRDA:20,0,1,1
DA:24,19
FN:24,UniswapV2Router02.constructor
FNDA:19,UniswapV2Router02.constructor
DA:25,19
DA:26,19
DA:29,5
FN:29,UniswapV2Router02.receive
FNDA:5,UniswapV2Router02.receive
DA:30,5
DA:34,23
FN:34,UniswapV2Router02._addLiquidity
FNDA:23,UniswapV2Router02._addLiquidity
DA:36,23
BRDA:36,1,0,20
DA:37,20
DA:39,23
DA:41,23
BRDA:41,2,0,20
BRDA:41,2,1,1
DA:42,20
DA:45,3
DA:48,3
BRDA:48,3,0,2
BRDA:48,3,1,1
DA:49,2
BRDA:49,4,0,1
BRDA:49,4,1,1
DA:53,1
DA:56,1
DA:57,1
DA:58,1
BRDA:58,5,0,-
BRDA:58,5,1,1
DA:62,1
DA:66,14
FN:66,UniswapV2Router02.addLiquidity
FNDA:14,UniswapV2Router02.addLiquidity
DA:74,14
DA:75,13
DA:76,13
DA:77,13
DA:79,13
DA:81,9
FN:81,UniswapV2Router02.addLiquidityETH
FNDA:9,UniswapV2Router02.addLiquidityETH
DA:86,9
DA:94,9
DA:95,9
DA:97,9
DA:98,9
DA:99,9
DA:101,9
DA:102,0
BRDA:102,6,0,-
DA:106,1
FN:106,UniswapV2Router02.removeLiquidity
FNDA:1,UniswapV2Router02.removeLiquidity
DA:121,4
DA:122,4
DA:123,4
DA:124,4
DA:125,4
DA:128,4
BRDA:128,7,0,-
BRDA:128,7,1,4
DA:132,4
BRDA:132,8,0,-
BRDA:132,8,1,4
DA:137,1
FN:137,UniswapV2Router02.removeLiquidityETH
FNDA:1,UniswapV2Router02.removeLiquidityETH
DA:151,1
DA:160,1
DA:161,1
DA:162,1
DA:164,1
FN:164,UniswapV2Router02.removeLiquidityWithPermit
FNDA:1,UniswapV2Router02.removeLiquidityWithPermit
DA:177,1
DA:178,1
DA:179,1
DA:188,1
DA:198,0
FN:198,UniswapV2Router02.removeLiquidityETHWithPermit
FNDA:0,UniswapV2Router02.removeLiquidityETHWithPermit
DA:210,0
DA:211,0
DA:212,0
DA:221,0
DA:232,1
FN:232,UniswapV2Router02.removeLiquidityETHSupportingFeeOnTransferTokens
FNDA:1,UniswapV2Router02.removeLiquidityETHSupportingFeeOnTransferTokens
DA:240,1
DA:249,1
DA:254,1
DA:255,1
DA:257,0
FN:257,UniswapV2Router02.removeLiquidityETHWithPermitSupportingFeeOnTransferTokens
FNDA:0,UniswapV2Router02.removeLiquidityETHWithPermitSupportingFeeOnTransferTokens
DA:269,0
DA:270,0
DA:271,0
DA:280,0
DA:292,6
FN:292,UniswapV2Router02._swap
FNDA:6,UniswapV2Router02._swap
DA:297,6
DA:298,6
DA:299,6
DA:300,6
DA:301,6
DA:304,6
DA:307,6
DA:311,1
FN:311,UniswapV2Router02.swapExactTokensForTokens
FNDA:1,UniswapV2Router02.swapExactTokensForTokens
DA:324,1
DA:325,1
BRDA:325,9,0,-
BRDA:325,9,1,1
DA:329,1
DA:335,1
DA:337,1
FN:337,UniswapV2Router02.swapTokensForExactTokens
FNDA:1,UniswapV2Router02.swapTokensForExactTokens
DA:350,1
DA:351,1
BRDA:351,10,0,-
BRDA:351,10,1,1
DA:355,1
DA:361,1
DA:363,1
FN:363,UniswapV2Router02.swapExactETHForTokens
FNDA:1,UniswapV2Router02.swapExactETHForTokens
DA:376,1
BRDA:376,11,0,-
BRDA:376,11,1,1
DA:377,1
DA:378,1
BRDA:378,12,0,-
BRDA:378,12,1,1
DA:382,1
DA:383,1
DA:389,1
DA:391,1
FN:391,UniswapV2Router02.swapTokensForExactETH
FNDA:1,UniswapV2Router02.swapTokensForExactETH
DA:404,1
BRDA:404,13,0,-
BRDA:404,13,1,1
DA:405,1
DA:406,1
BRDA:406,14,0,-
BRDA:406,14,1,1
DA:410,1
DA:416,1
DA:417,1
DA:418,1
DA:420,1
FN:420,UniswapV2Router02.swapExactTokensForETH
FNDA:1,UniswapV2Router02.swapExactTokensForETH
DA:433,1
BRDA:433,15,0,-
BRDA:433,15,1,1
DA:434,1
DA:435,1
BRDA:435,16,0,-
BRDA:435,16,1,1
DA:439,1
DA:445,1
DA:446,1
DA:447,1
DA:449,1
FN:449,UniswapV2Router02.swapETHForExactTokens
FNDA:1,UniswapV2Router02.swapETHForExactTokens
DA:462,1
BRDA:462,17,0,-
BRDA:462,17,1,1
DA:463,1
DA:464,1
BRDA:464,18,0,-
BRDA:464,18,1,1
DA:468,1
DA:469,1
DA:475,1
DA:477,1
DA:478,1
BRDA:478,19,0,1
DA:483,3
FN:483,UniswapV2Router02._swapSupportingFeeOnTransferTokens
FNDA:3,UniswapV2Router02._swapSupportingFeeOnTransferTokens
DA:487,3
DA:488,3
DA:489,3
DA:490,3
DA:493,3
DA:494,3
DA:497,3
DA:498,3
DA:501,3
DA:504,3
DA:510,3
DA:513,3
DA:516,3
DA:519,1
FN:519,UniswapV2Router02.swapExactTokensForTokensSupportingFeeOnTransferTokens
FNDA:1,UniswapV2Router02.swapExactTokensForTokensSupportingFeeOnTransferTokens
DA:526,1
DA:532,1
DA:533,1
DA:534,1
BRDA:534,20,0,-
BRDA:534,20,1,1
DA:540,1
FN:540,UniswapV2Router02.swapExactETHForTokensSupportingFeeOnTransferTokens
FNDA:1,UniswapV2Router02.swapExactETHForTokensSupportingFeeOnTransferTokens
DA:546,1
BRDA:546,21,0,-
BRDA:546,21,1,1
DA:547,1
DA:548,1
DA:549,1
DA:555,1
DA:556,1
DA:557,1
BRDA:557,22,0,-
BRDA:557,22,1,1
DA:563,1
FN:563,UniswapV2Router02.swapExactTokensForETHSupportingFeeOnTransferTokens
FNDA:1,UniswapV2Router02.swapExactTokensForETHSupportingFeeOnTransferTokens
DA:570,1
BRDA:570,23,0,-
BRDA:570,23,1,1
DA:571,1
DA:577,1
DA:578,1
DA:579,1
BRDA:579,24,0,-
BRDA:579,24,1,1
DA:583,1
DA:584,1
DA:588,2
FN:588,UniswapV2Router02.quote
FNDA:2,UniswapV2Router02.quote
DA:593,2
DA:596,2
FN:596,UniswapV2Router02.getAmountOut
FNDA:2,UniswapV2Router02.getAmountOut
DA:601,2
DA:604,2
FN:604,UniswapV2Router02.getAmountIn
FNDA:2,UniswapV2Router02.getAmountIn
DA:609,2
DA:612,2
FN:612,UniswapV2Router02.getAmountsOut
FNDA:2,UniswapV2Router02.getAmountsOut
DA:616,2
DA:619,2
FN:619,UniswapV2Router02.getAmountsIn
FNDA:2,UniswapV2Router02.getAmountsIn
DA:623,2
FNF:28
FNH:26
LF:164
LH:153
BRF:47
BRH:27
end_of_record
TN:
SF:src/libraries/Math.sol
DA:6,4
FN:6,Math.min
FNDA:4,Math.min
DA:7,4
DA:11,31
FN:11,Math.sqrt
FNDA:31,Math.sqrt
DA:12,31
BRDA:12,0,0,31
BRDA:12,0,1,-
DA:13,31
DA:14,31
DA:15,2338
DA:16,2307
DA:17,2307
DA:19,0
BRDA:19,1,0,-
DA:20,0
FNF:2
FNH:2
LF:11
LH:9
BRF:3
BRH:1
end_of_record
TN:
SF:src/libraries/SafeMath.sol
DA:5,19
FN:5,SafeMath.add
FNDA:19,SafeMath.add
DA:6,19
BRDA:6,0,0,-
BRDA:6,0,1,19
DA:9,13
FN:9,SafeMath.sub
FNDA:13,SafeMath.sub
DA:10,13
BRDA:10,1,0,-
BRDA:10,1,1,13
DA:13,63
FN:13,SafeMath.mul
FNDA:63,SafeMath.mul
DA:14,63
BRDA:14,2,0,-
BRDA:14,2,1,63
FNF:3
FNH:3
LF:6
LH:6
BRF:6
BRH:3
end_of_record
TN:
SF:src/libraries/TransferHelper.sol
DA:5,0
FN:5,TransferHelper.safeApprove
FNDA:0,TransferHelper.safeApprove
DA:11,0
DA:12,0
BRDA:12,0,0,-
BRDA:12,0,1,-
DA:18,2
FN:18,TransferHelper.safeTransfer
FNDA:2,TransferHelper.safeTransfer
DA:24,2
DA:25,2
BRDA:25,1,0,-
BRDA:25,1,1,2
DA:31,41
FN:31,TransferHelper.safeTransferFrom
FNDA:41,TransferHelper.safeTransferFrom
DA:38,41
DA:39,41
BRDA:39,2,0,-
BRDA:39,2,1,41
DA:45,6
FN:45,TransferHelper.safeTransferETH
FNDA:6,TransferHelper.safeTransferETH
DA:46,6
DA:47,6
BRDA:47,3,0,-
BRDA:47,3,1,6
FNF:4
FNH:3
LF:12
LH:9
BRF:8
BRH:3
end_of_record
TN:
SF:src/libraries/UQ112x112.sol
DA:9,6
FN:9,UQ112x112.encode
FNDA:6,UQ112x112.encode
DA:10,6
DA:14,6
FN:14,UQ112x112.uqdiv
FNDA:6,UQ112x112.uqdiv
DA:15,6
FNF:2
FNH:2
LF:4
LH:4
BRF:0
BRH:0
end_of_record
TN:
SF:src/libraries/UniswapV2Library.sol
DA:12,48
FN:12,UniswapV2Library.sortTokens
FNDA:48,UniswapV2Library.sortTokens
DA:13,48
BRDA:13,0,0,-
BRDA:13,0,1,48
DA:14,48
DA:15,48
BRDA:15,1,0,-
BRDA:15,1,1,48
DA:18,80
FN:18,UniswapV2Library.pairFor
FNDA:80,UniswapV2Library.pairFor
DA:19,80
DA:34,35
FN:34,UniswapV2Library.getReserves
FNDA:35,UniswapV2Library.getReserves
DA:35,35
DA:36,35
DA:37,35
DA:41,6
FN:41,UniswapV2Library.quote
FNDA:6,UniswapV2Library.quote
DA:42,6
BRDA:42,2,0,-
BRDA:42,2,1,6
DA:43,6
BRDA:43,3,0,-
BRDA:43,3,1,6
DA:44,6
DA:48,11
FN:48,UniswapV2Library.getAmountOut
FNDA:11,UniswapV2Library.getAmountOut
DA:49,11
BRDA:49,4,0,-
BRDA:49,4,1,11
DA:50,11
BRDA:50,5,0,-
BRDA:50,5,1,11
DA:51,11
DA:52,11
DA:53,11
DA:54,11
DA:58,8
FN:58,UniswapV2Library.getAmountIn
FNDA:8,UniswapV2Library.getAmountIn
DA:59,8
BRDA:59,6,0,-
BRDA:59,6,1,8
DA:60,8
BRDA:60,7,0,-
BRDA:60,7,1,8
DA:61,8
DA:62,8
DA:63,8
DA:67,5
FN:67,UniswapV2Library.getAmountsOut
FNDA:5,UniswapV2Library.getAmountsOut
DA:68,5
BRDA:68,8,0,-
BRDA:68,8,1,5
DA:69,5
DA:70,5
DA:71,5
DA:72,6
DA:73,6
DA:78,5
FN:78,UniswapV2Library.getAmountsIn
FNDA:5,UniswapV2Library.getAmountsIn
DA:79,5
BRDA:79,9,0,-
BRDA:79,9,1,5
DA:80,5
DA:81,5
DA:82,5
DA:83,6
DA:84,6
FNF:8
FNH:8
LF:41
LH:41
BRF:20
BRH:10
end_of_record
TN:
SF:test/UniswapV2PermitCoverage.t.sol
DA:18,0
FN:18,UniswapV2PermitCoverageTest.setUp
FNDA:0,UniswapV2PermitCoverageTest.setUp
DA:20,0
DA:21,0
DA:22,0
DA:25,0
FNF:1
FNH:0
LF:5
LH:0
BRF:0
BRH:0
end_of_record
TN:
SF:test/mocks/ERC20Mock.sol
DA:16,89
FN:16,ERC20Mock.constructor
FNDA:89,ERC20Mock.constructor
DA:17,89
DA:18,89
DA:19,89
DA:23,160
FN:23,ERC20Mock.mint
FNDA:160,ERC20Mock.mint
DA:24,160
DA:25,160
DA:26,160
DA:29,54
FN:29,ERC20Mock.transfer
FNDA:54,ERC20Mock.transfer
DA:30,54
DA:33,116
FN:33,ERC20Mock.approve
FNDA:116,ERC20Mock.approve
DA:34,116
DA:35,116
DA:36,116
DA:39,41
FN:39,ERC20Mock.transferFrom
FNDA:41,ERC20Mock.transferFrom
DA:40,41
BRDA:40,0,0,-
DA:41,0
DA:43,41
DA:46,95
FN:46,ERC20Mock._transfer
FNDA:95,ERC20Mock._transfer
DA:47,95
BRDA:47,1,0,-
BRDA:47,1,1,95
DA:49,95
DA:50,95
DA:51,95
DA:52,95
FNF:6
FNH:6
LF:24
LH:23
BRF:3
BRH:1
end_of_record
TN:
SF:test/mocks/WETHMock.sol
DA:17,0
FN:17,WETHMock.receive
FNDA:0,WETHMock.receive
DA:18,0
DA:21,12
FN:21,WETHMock.deposit
FNDA:12,WETHMock.deposit
DA:22,12
DA:23,12
DA:26,5
FN:26,WETHMock.withdraw
FNDA:5,WETHMock.withdraw
DA:27,5
BRDA:27,0,0,-
BRDA:27,0,1,5
DA:28,5
DA:29,5
DA:30,5
DA:33,0
FN:33,WETHMock.totalSupply
FNDA:0,WETHMock.totalSupply
DA:34,0
DA:37,0
FN:37,WETHMock.approve
FNDA:0,WETHMock.approve
DA:38,0
DA:39,0
DA:40,0
DA:43,17
FN:43,WETHMock.transfer
FNDA:17,WETHMock.transfer
DA:44,17
DA:47,0
FN:47,WETHMock.transferFrom
FNDA:0,WETHMock.transferFrom
DA:52,17
BRDA:52,1,0,-
BRDA:52,1,1,17
DA:54,17
BRDA:54,2,0,-
DA:55,0
BRDA:55,3,0,-
BRDA:55,3,1,-
DA:56,0
DA:59,17
DA:60,17
DA:62,17
DA:64,17
FNF:7
FNH:3
LF:27
LH:16
BRF:7
BRH:2
end_of_record
