TN:
SF:script/Counter.s.sol
DA:10,0
FN:10,CounterScript.setUp
FNDA:0,CounterScript.setUp
DA:12,0
FN:12,CounterScript.run
FNDA:0,CounterScript.run
DA:13,0
DA:15,0
DA:17,0
FNF:2
FNH:0
LF:5
LH:0
BRF:0
BRH:0
end_of_record
TN:
SF:src/Counter.sol
DA:7,0
FN:7,Counter.setNumber
FNDA:0,Counter.setNumber
DA:8,0
DA:11,0
FN:11,Counter.increment
FNDA:0,Counter.increment
DA:12,0
FNF:2
FNH:0
LF:4
LH:0
BRF:0
BRH:0
end_of_record
TN:
SF:src/UniswapV2ERC20.sol
DA:21,18
FN:21,UniswapV2ERC20.constructor
FNDA:18,UniswapV2ERC20.constructor
DA:23,18
DA:25,18
DA:38,0
FN:38,UniswapV2ERC20.totalSupply
FNDA:0,UniswapV2ERC20.totalSupply
DA:39,22
DA:42,12
FN:42,UniswapV2ERC20.balanceOf
FNDA:12,UniswapV2ERC20.balanceOf
DA:43,15
DA:46,34
FN:46,UniswapV2ERC20._mint
FNDA:34,UniswapV2ERC20._mint
DA:48,34
DA:49,34
DA:50,34
DA:53,3
FN:53,UniswapV2ERC20._burn
FNDA:3,UniswapV2ERC20._burn
DA:54,3
DA:55,3
DA:56,3
DA:59,2
FN:59,UniswapV2ERC20._approve
FNDA:2,UniswapV2ERC20._approve
DA:60,2
DA:61,2
DA:64,3
FN:64,UniswapV2ERC20._transfer
FNDA:3,UniswapV2ERC20._transfer
DA:65,3
DA:66,3
DA:67,3
DA:70,1
FN:70,UniswapV2ERC20.approve
FNDA:1,UniswapV2ERC20.approve
DA:71,1
DA:72,1
DA:75,1
FN:75,UniswapV2ERC20.transfer
FNDA:1,UniswapV2ERC20.transfer
DA:76,1
DA:77,1
DA:80,2
FN:80,UniswapV2ERC20.transferFrom
FNDA:2,UniswapV2ERC20.transferFrom
DA:85,2
BRDA:85,0,0,1
DA:86,1
DA:88,2
DA:89,2
DA:92,1
FN:92,UniswapV2ERC20.permit
FNDA:1,UniswapV2ERC20.permit
DA:101,1
BRDA:101,1,0,-
BRDA:101,1,1,1
DA:102,1
DA:119,1
DA:120,1
BRDA:120,2,0,-
BRDA:120,2,1,1
DA:124,1
FNF:11
FNH:10
LF:39
LH:38
BRF:5
BRH:3
end_of_record
TN:
SF:src/UniswapV2Factory.sol
DA:14,21
FN:14,UniswapV2Factory.constructor
FNDA:21,UniswapV2Factory.constructor
DA:15,21
DA:18,1
FN:18,UniswapV2Factory.allPairsLength
FNDA:1,UniswapV2Factory.allPairsLength
DA:19,1
DA:22,20
FN:22,UniswapV2Factory.createPair
FNDA:20,UniswapV2Factory.createPair
DA:23,20
BRDA:23,0,0,1
BRDA:23,0,1,19
DA:24,19
DA:25,19
BRDA:25,1,0,1
BRDA:25,1,1,18
DA:26,18
BRDA:26,2,0,-
BRDA:26,2,1,18
DA:29,18
DA:32,18
DA:40,18
DA:44,18
DA:48,18
DA:49,18
DA:50,18
DA:51,18
DA:54,3
FN:54,UniswapV2Factory.setFeeTo
FNDA:3,UniswapV2Factory.setFeeTo
DA:55,3
BRDA:55,3,0,1
BRDA:55,3,1,2
DA:56,2
DA:59,0
FN:59,UniswapV2Factory.setFeeToSetter
FNDA:0,UniswapV2Factory.setFeeToSetter
DA:60,0
BRDA:60,4,0,-
BRDA:60,4,1,-
DA:61,0
FNF:5
FNH:4
LF:23
LH:20
BRF:10
BRH:7
end_of_record
TN:
SF:src/UniswapV2Pair.sol
DA:31,5
FN:31,UniswapV2Pair.lock
FNDA:5,UniswapV2Pair.lock
DA:32,5
BRDA:32,0,0,-
BRDA:32,0,1,1
DA:33,5
DA:35,4
DA:40,26
FN:40,UniswapV2Pair.getReserves
FNDA:26,UniswapV2Pair.getReserves
DA:41,52
DA:42,52
DA:43,52
DA:48,13
FN:48,UniswapV2Pair._safeTransfer
FNDA:13,UniswapV2Pair._safeTransfer
DA:49,13
DA:50,13
BRDA:50,1,0,-
BRDA:50,1,1,13
DA:53,18
FN:53,UniswapV2Pair.constructor
FNDA:18,UniswapV2Pair.constructor
DA:54,18
DA:58,18
FN:58,UniswapV2Pair.initialize
FNDA:18,UniswapV2Pair.initialize
DA:59,18
BRDA:59,2,0,-
BRDA:59,2,1,18
DA:60,18
DA:61,18
DA:65,26
FN:65,UniswapV2Pair._update
FNDA:26,UniswapV2Pair._update
DA:66,26
BRDA:66,3,0,-
BRDA:66,3,1,26
DA:67,26
DA:68,26
DA:69,26
BRDA:69,4,0,-
DA:71,0
DA:72,0
DA:74,26
DA:75,26
DA:76,26
DA:77,26
DA:81,21
FN:81,UniswapV2Pair._mintFee
FNDA:21,UniswapV2Pair._mintFee
DA:82,21
DA:83,21
DA:85,21
DA:86,2
BRDA:86,5,0,2
BRDA:86,5,1,19
DA:87,2
BRDA:87,6,0,1
DA:88,1
DA:89,1
DA:90,1
BRDA:90,7,0,1
DA:92,1
DA:94,1
DA:96,1
DA:97,1
BRDA:97,8,0,1
DA:100,19
BRDA:100,9,0,-
DA:101,0
DA:107,18
FN:107,UniswapV2Pair.mint
FNDA:18,UniswapV2Pair.mint
DA:109,18
DA:111,18
DA:112,18
DA:114,18
DA:115,18
DA:117,18
DA:119,18
DA:120,18
BRDA:120,10,0,15
BRDA:120,10,1,3
DA:122,15
DA:123,15
DA:125,3
DA:127,18
BRDA:127,11,0,-
BRDA:127,11,1,18
DA:129,18
DA:131,18
DA:132,2
BRDA:132,12,0,2
DA:133,18
DA:137,3
FN:137,UniswapV2Pair.burn
FNDA:3,UniswapV2Pair.burn
DA:138,3
DA:139,3
DA:140,3
DA:141,3
DA:142,3
DA:144,3
DA:146,3
DA:147,3
DA:148,3
DA:149,3
DA:150,3
BRDA:150,13,0,-
BRDA:150,13,1,3
DA:151,3
DA:152,3
DA:153,3
DA:154,3
DA:155,3
DA:157,3
DA:158,0
BRDA:158,14,0,-
DA:159,3
DA:163,5
FN:163,UniswapV2Pair.swap
FNDA:5,UniswapV2Pair.swap
DA:165,5
BRDA:165,15,0,-
BRDA:165,15,1,5
DA:166,5
DA:168,5
BRDA:168,16,0,-
BRDA:168,16,1,5
DA:170,5
DA:171,5
DA:174,5
DA:175,5
DA:176,5
BRDA:176,17,0,-
BRDA:176,17,1,5
DA:177,5
BRDA:177,18,0,1
DA:178,5
BRDA:178,19,0,4
DA:179,5
BRDA:179,20,0,-
DA:180,5
DA:181,5
DA:183,5
DA:184,5
DA:185,5
BRDA:185,21,0,-
BRDA:185,21,1,5
DA:188,5
DA:189,5
DA:190,5
BRDA:190,22,0,1
BRDA:190,22,1,4
DA:198,4
DA:199,4
DA:203,1
FN:203,UniswapV2Pair.skim
FNDA:1,UniswapV2Pair.skim
DA:204,1
DA:205,1
DA:206,1
DA:207,1
DA:211,1
FN:211,UniswapV2Pair.sync
FNDA:1,UniswapV2Pair.sync
DA:212,1
FNF:12
FNH:12
LF:109
LH:105
BRF:36
BRH:22
end_of_record
TN:
SF:src/UniswapV2Router.sol
DA:19,0
FN:19,UniswapV2Router02.ensure
FNDA:0,UniswapV2Router02.ensure
DA:20,0
BRDA:20,0,0,-
BRDA:20,0,1,-
DA:24,7
FN:24,UniswapV2Router02.constructor
FNDA:7,UniswapV2Router02.constructor
DA:25,7
DA:26,7
DA:28,0
FN:28,UniswapV2Router02.factory
FNDA:0,UniswapV2Router02.factory
DA:29,0
DA:32,0
FN:32,UniswapV2Router02.WETH
FNDA:0,UniswapV2Router02.WETH
DA:33,0
DA:36,0
FN:36,UniswapV2Router02.receive
FNDA:0,UniswapV2Router02.receive
DA:37,0
DA:41,9
FN:41,UniswapV2Router02._addLiquidity
FNDA:9,UniswapV2Router02._addLiquidity
DA:43,9
BRDA:43,1,0,7
DA:44,7
DA:46,9
DA:48,9
BRDA:48,2,0,7
BRDA:48,2,1,-
DA:49,7
DA:52,2
DA:55,2
BRDA:55,3,0,2
BRDA:55,3,1,-
DA:56,2
BRDA:56,4,0,1
BRDA:56,4,1,1
DA:60,1
DA:63,0
DA:64,0
DA:65,0
BRDA:65,5,0,-
BRDA:65,5,1,-
DA:69,0
DA:73,8
FN:73,UniswapV2Router02.addLiquidity
FNDA:8,UniswapV2Router02.addLiquidity
DA:81,8
DA:82,7
DA:83,7
DA:84,7
DA:86,7
DA:88,1
FN:88,UniswapV2Router02.addLiquidityETH
FNDA:1,UniswapV2Router02.addLiquidityETH
DA:93,1
DA:101,1
DA:102,1
DA:104,1
DA:105,1
DA:106,1
DA:108,1
DA:109,0
BRDA:109,6,0,-
DA:113,1
FN:113,UniswapV2Router02.removeLiquidity
FNDA:1,UniswapV2Router02.removeLiquidity
DA:128,2
DA:129,2
DA:130,2
DA:131,2
DA:132,2
DA:135,2
BRDA:135,7,0,-
BRDA:135,7,1,2
DA:139,2
BRDA:139,8,0,-
BRDA:139,8,1,2
DA:144,0
FN:144,UniswapV2Router02.removeLiquidityETH
FNDA:0,UniswapV2Router02.removeLiquidityETH
DA:158,0
DA:167,0
DA:168,0
DA:169,0
DA:171,1
FN:171,UniswapV2Router02.removeLiquidityWithPermit
FNDA:1,UniswapV2Router02.removeLiquidityWithPermit
DA:184,1
DA:185,1
DA:186,1
DA:195,1
DA:205,0
FN:205,UniswapV2Router02.removeLiquidityETHWithPermit
FNDA:0,UniswapV2Router02.removeLiquidityETHWithPermit
DA:217,0
DA:218,0
DA:219,0
DA:228,0
DA:239,0
FN:239,UniswapV2Router02.removeLiquidityETHSupportingFeeOnTransferTokens
FNDA:0,UniswapV2Router02.removeLiquidityETHSupportingFeeOnTransferTokens
DA:247,0
DA:256,0
DA:261,0
DA:262,0
DA:264,0
FN:264,UniswapV2Router02.removeLiquidityETHWithPermitSupportingFeeOnTransferTokens
FNDA:0,UniswapV2Router02.removeLiquidityETHWithPermitSupportingFeeOnTransferTokens
DA:276,0
DA:277,0
DA:278,0
DA:287,0
DA:299,1
FN:299,UniswapV2Router02._swap
FNDA:1,UniswapV2Router02._swap
DA:304,1
DA:305,1
DA:306,1
DA:307,1
DA:308,1
DA:311,1
DA:314,1
DA:318,1
FN:318,UniswapV2Router02.swapExactTokensForTokens
FNDA:1,UniswapV2Router02.swapExactTokensForTokens
DA:331,1
DA:332,1
BRDA:332,9,0,-
BRDA:332,9,1,1
DA:336,1
DA:342,1
DA:344,0
FN:344,UniswapV2Router02.swapTokensForExactTokens
FNDA:0,UniswapV2Router02.swapTokensForExactTokens
DA:357,0
DA:358,0
BRDA:358,10,0,-
BRDA:358,10,1,-
DA:362,0
DA:368,0
DA:370,0
FN:370,UniswapV2Router02.swapExactETHForTokens
FNDA:0,UniswapV2Router02.swapExactETHForTokens
DA:383,0
BRDA:383,11,0,-
BRDA:383,11,1,-
DA:384,0
DA:385,0
BRDA:385,12,0,-
BRDA:385,12,1,-
DA:389,0
DA:390,0
DA:396,0
DA:398,0
FN:398,UniswapV2Router02.swapTokensForExactETH
FNDA:0,UniswapV2Router02.swapTokensForExactETH
DA:411,0
BRDA:411,13,0,-
BRDA:411,13,1,-
DA:412,0
DA:413,0
BRDA:413,14,0,-
BRDA:413,14,1,-
DA:417,0
DA:423,0
DA:424,0
DA:425,0
DA:427,0
FN:427,UniswapV2Router02.swapExactTokensForETH
FNDA:0,UniswapV2Router02.swapExactTokensForETH
DA:440,0
BRDA:440,15,0,-
BRDA:440,15,1,-
DA:441,0
DA:442,0
BRDA:442,16,0,-
BRDA:442,16,1,-
DA:446,0
DA:452,0
DA:453,0
DA:454,0
DA:456,0
FN:456,UniswapV2Router02.swapETHForExactTokens
FNDA:0,UniswapV2Router02.swapETHForExactTokens
DA:469,0
BRDA:469,17,0,-
BRDA:469,17,1,-
DA:470,0
DA:471,0
BRDA:471,18,0,-
BRDA:471,18,1,-
DA:475,0
DA:476,0
DA:482,0
DA:484,0
DA:485,0
BRDA:485,19,0,-
DA:490,0
FN:490,UniswapV2Router02._swapSupportingFeeOnTransferTokens
FNDA:0,UniswapV2Router02._swapSupportingFeeOnTransferTokens
DA:494,0
DA:495,0
DA:496,0
DA:497,0
DA:500,0
DA:501,0
DA:504,0
DA:505,0
DA:508,0
DA:511,0
DA:517,0
DA:520,0
DA:523,0
DA:526,0
FN:526,UniswapV2Router02.swapExactTokensForTokensSupportingFeeOnTransferTokens
FNDA:0,UniswapV2Router02.swapExactTokensForTokensSupportingFeeOnTransferTokens
DA:533,0
DA:539,0
DA:540,0
DA:541,0
BRDA:541,20,0,-
BRDA:541,20,1,-
DA:547,0
FN:547,UniswapV2Router02.swapExactETHForTokensSupportingFeeOnTransferTokens
FNDA:0,UniswapV2Router02.swapExactETHForTokensSupportingFeeOnTransferTokens
DA:553,0
BRDA:553,21,0,-
BRDA:553,21,1,-
DA:554,0
DA:555,0
DA:556,0
DA:562,0
DA:563,0
DA:564,0
BRDA:564,22,0,-
BRDA:564,22,1,-
DA:570,0
FN:570,UniswapV2Router02.swapExactTokensForETHSupportingFeeOnTransferTokens
FNDA:0,UniswapV2Router02.swapExactTokensForETHSupportingFeeOnTransferTokens
DA:577,0
BRDA:577,23,0,-
BRDA:577,23,1,-
DA:578,0
DA:584,0
DA:585,0
DA:586,0
BRDA:586,24,0,-
BRDA:586,24,1,-
DA:590,0
DA:591,0
DA:595,0
FN:595,UniswapV2Router02.quote
FNDA:0,UniswapV2Router02.quote
DA:600,0
DA:603,0
FN:603,UniswapV2Router02.getAmountOut
FNDA:0,UniswapV2Router02.getAmountOut
DA:608,0
DA:611,0
FN:611,UniswapV2Router02.getAmountIn
FNDA:0,UniswapV2Router02.getAmountIn
DA:616,0
DA:619,0
FN:619,UniswapV2Router02.getAmountsOut
FNDA:0,UniswapV2Router02.getAmountsOut
DA:623,0
DA:626,0
FN:626,UniswapV2Router02.getAmountsIn
FNDA:0,UniswapV2Router02.getAmountsIn
DA:630,0
FNF:30
FNH:8
LF:168
LH:53
BRF:47
BRH:8
end_of_record
TN:
SF:src/libraries/Math.sol
DA:6,3
FN:6,Math.min
FNDA:3,Math.min
DA:7,3
DA:11,17
FN:11,Math.sqrt
FNDA:17,Math.sqrt
DA:12,17
BRDA:12,0,0,17
BRDA:12,0,1,-
DA:13,17
DA:14,17
DA:15,1309
DA:16,1292
DA:17,1292
DA:19,0
BRDA:19,1,0,-
DA:20,0
FNF:2
FNH:2
LF:11
LH:9
BRF:3
BRH:1
end_of_record
TN:
SF:src/libraries/SafeMath.sol
DA:5,1
FN:5,SafeMath.add
FNDA:1,SafeMath.add
DA:6,1
BRDA:6,0,0,-
BRDA:6,0,1,1
DA:9,0
FN:9,SafeMath.sub
FNDA:0,SafeMath.sub
DA:10,0
BRDA:10,1,0,-
BRDA:10,1,1,-
DA:13,5
FN:13,SafeMath.mul
FNDA:5,SafeMath.mul
DA:14,5
BRDA:14,2,0,-
BRDA:14,2,1,5
FNF:3
FNH:2
LF:6
LH:4
BRF:6
BRH:2
end_of_record
TN:
SF:src/libraries/TransferHelper.sol
DA:5,0
FN:5,TransferHelper.safeApprove
FNDA:0,TransferHelper.safeApprove
DA:11,0
DA:12,0
BRDA:12,0,0,-
BRDA:12,0,1,-
DA:18,0
FN:18,TransferHelper.safeTransfer
FNDA:0,TransferHelper.safeTransfer
DA:24,0
DA:25,0
BRDA:25,1,0,-
BRDA:25,1,1,-
DA:31,16
FN:31,TransferHelper.safeTransferFrom
FNDA:16,TransferHelper.safeTransferFrom
DA:38,16
DA:39,16
BRDA:39,2,0,-
BRDA:39,2,1,16
DA:45,0
FN:45,TransferHelper.safeTransferETH
FNDA:0,TransferHelper.safeTransferETH
DA:46,0
DA:47,0
BRDA:47,3,0,-
BRDA:47,3,1,-
FNF:4
FNH:1
LF:12
LH:3
BRF:8
BRH:1
end_of_record
TN:
SF:src/libraries/UQ112x112.sol
DA:9,0
FN:9,UQ112x112.encode
FNDA:0,UQ112x112.encode
DA:10,0
DA:14,0
FN:14,UQ112x112.uqdiv
FNDA:0,UQ112x112.uqdiv
DA:15,0
FNF:2
FNH:0
LF:4
LH:0
BRF:0
BRH:0
end_of_record
TN:
SF:src/libraries/UniswapV2Library.sol
DA:12,13
FN:12,UniswapV2Library.sortTokens
FNDA:13,UniswapV2Library.sortTokens
DA:13,13
BRDA:13,0,0,-
BRDA:13,0,1,13
DA:14,13
DA:15,13
BRDA:15,1,0,-
BRDA:15,1,1,13
DA:18,23
FN:18,UniswapV2Library.pairFor
FNDA:23,UniswapV2Library.pairFor
DA:19,23
DA:34,10
FN:34,UniswapV2Library.getReserves
FNDA:10,UniswapV2Library.getReserves
DA:35,10
DA:36,10
DA:37,10
DA:41,2
FN:41,UniswapV2Library.quote
FNDA:2,UniswapV2Library.quote
DA:42,2
BRDA:42,2,0,-
BRDA:42,2,1,2
DA:43,2
BRDA:43,3,0,-
BRDA:43,3,1,2
DA:44,2
DA:48,1
FN:48,UniswapV2Library.getAmountOut
FNDA:1,UniswapV2Library.getAmountOut
DA:49,1
BRDA:49,4,0,-
BRDA:49,4,1,1
DA:50,1
BRDA:50,5,0,-
BRDA:50,5,1,1
DA:51,1
DA:52,1
DA:53,1
DA:54,1
DA:58,0
FN:58,UniswapV2Library.getAmountIn
FNDA:0,UniswapV2Library.getAmountIn
DA:59,0
BRDA:59,6,0,-
BRDA:59,6,1,-
DA:60,0
BRDA:60,7,0,-
BRDA:60,7,1,-
DA:61,0
DA:62,0
DA:63,0
DA:67,1
FN:67,UniswapV2Library.getAmountsOut
FNDA:1,UniswapV2Library.getAmountsOut
DA:68,1
BRDA:68,8,0,-
BRDA:68,8,1,1
DA:69,1
DA:70,1
DA:71,1
DA:72,1
DA:73,1
DA:78,0
FN:78,UniswapV2Library.getAmountsIn
FNDA:0,UniswapV2Library.getAmountsIn
DA:79,0
BRDA:79,9,0,-
BRDA:79,9,1,-
DA:80,0
DA:81,0
DA:82,0
DA:83,0
DA:84,0
FNF:8
FNH:6
LF:41
LH:28
BRF:20
BRH:7
end_of_record
TN:
SF:test/mocks/ERC20Mock.sol
DA:16,42
FN:16,ERC20Mock.constructor
FNDA:42,ERC20Mock.constructor
DA:17,42
DA:18,42
DA:19,42
DA:23,70
FN:23,ERC20Mock.mint
FNDA:70,ERC20Mock.mint
DA:24,70
DA:25,70
DA:26,70
DA:29,41
FN:29,ERC20Mock.transfer
FNDA:41,ERC20Mock.transfer
DA:30,41
DA:33,30
FN:33,ERC20Mock.approve
FNDA:30,ERC20Mock.approve
DA:34,30
DA:35,30
DA:36,30
DA:39,16
FN:39,ERC20Mock.transferFrom
FNDA:16,ERC20Mock.transferFrom
DA:40,16
BRDA:40,0,0,-
DA:41,0
DA:43,16
DA:46,57
FN:46,ERC20Mock._transfer
FNDA:57,ERC20Mock._transfer
DA:47,57
BRDA:47,1,0,-
BRDA:47,1,1,57
DA:49,57
DA:50,57
DA:51,57
DA:52,57
FNF:6
FNH:6
LF:24
LH:23
BRF:3
BRH:1
end_of_record
TN:
SF:test/mocks/WETHMock.sol
DA:17,0
FN:17,WETHMock.receive
FNDA:0,WETHMock.receive
DA:18,0
DA:21,1
FN:21,WETHMock.deposit
FNDA:1,WETHMock.deposit
DA:22,1
DA:23,1
DA:26,0
FN:26,WETHMock.withdraw
FNDA:0,WETHMock.withdraw
DA:27,0
BRDA:27,0,0,-
BRDA:27,0,1,-
DA:28,0
DA:29,0
DA:30,0
DA:33,0
FN:33,WETHMock.totalSupply
FNDA:0,WETHMock.totalSupply
DA:34,0
DA:37,0
FN:37,WETHMock.approve
FNDA:0,WETHMock.approve
DA:38,0
DA:39,0
DA:40,0
DA:43,1
FN:43,WETHMock.transfer
FNDA:1,WETHMock.transfer
DA:44,1
DA:47,0
FN:47,WETHMock.transferFrom
FNDA:0,WETHMock.transferFrom
DA:52,1
BRDA:52,1,0,-
BRDA:52,1,1,1
DA:54,1
BRDA:54,2,0,-
DA:55,0
BRDA:55,3,0,-
BRDA:55,3,1,-
DA:56,0
DA:59,1
DA:60,1
DA:62,1
DA:64,1
FNF:7
FNH:2
LF:27
LH:11
BRF:7
BRH:1
end_of_record
